  Encryption.cpp
e:\desktop\materials\my projects\с++\захист даних (лабы)\l1\encryption\encryption\encryption.cpp(78): warning C4018: <: несоответствие типов со знаком и без знака
e:\desktop\materials\my projects\с++\захист даних (лабы)\l1\encryption\encryption\encryption.cpp(81): warning C4018: <: несоответствие типов со знаком и без знака
e:\desktop\materials\my projects\с++\захист даних (лабы)\l1\encryption\encryption\encryption.cpp(85): warning C4018: >=: несоответствие типов со знаком и без знака
e:\desktop\materials\my projects\с++\захист даних (лабы)\l1\encryption\encryption\encryption.cpp(107): warning C4018: <: несоответствие типов со знаком и без знака
e:\desktop\materials\my projects\с++\захист даних (лабы)\l1\encryption\encryption\encryption.cpp(108): warning C4018: <: несоответствие типов со знаком и без знака
e:\desktop\materials\my projects\с++\захист даних (лабы)\l1\encryption\encryption\encryption.cpp(116): warning C4018: <: несоответствие типов со знаком и без знака
e:\desktop\materials\my projects\с++\захист даних (лабы)\l1\encryption\encryption\encryption.cpp(126): warning C4018: <: несоответствие типов со знаком и без знака
e:\desktop\materials\my projects\с++\захист даних (лабы)\l1\encryption\encryption\encryption.cpp(129): warning C4018: <: несоответствие типов со знаком и без знака
e:\desktop\materials\my projects\с++\захист даних (лабы)\l1\encryption\encryption\encryption.cpp(143): warning C4018: <: несоответствие типов со знаком и без знака
e:\desktop\materials\my projects\с++\захист даних (лабы)\l1\encryption\encryption\encryption.cpp(178): warning C4018: <: несоответствие типов со знаком и без знака
e:\desktop\materials\my projects\с++\захист даних (лабы)\l1\encryption\encryption\encryption.cpp(201): warning C4018: <: несоответствие типов со знаком и без знака
e:\desktop\materials\my projects\с++\захист даних (лабы)\l1\encryption\encryption\encryption.cpp(202): warning C4018: <: несоответствие типов со знаком и без знака
e:\desktop\materials\my projects\с++\захист даних (лабы)\l1\encryption\encryption\encryption.cpp(210): warning C4018: <: несоответствие типов со знаком и без знака
e:\desktop\materials\my projects\с++\захист даних (лабы)\l1\encryption\encryption\encryption.cpp(227): warning C4018: <: несоответствие типов со знаком и без знака
e:\desktop\materials\my projects\с++\захист даних (лабы)\l1\encryption\encryption\encryption.cpp(230): warning C4018: <: несоответствие типов со знаком и без знака
e:\desktop\materials\my projects\с++\захист даних (лабы)\l1\encryption\encryption\encryption.cpp(235): warning C4018: >=: несоответствие типов со знаком и без знака
e:\desktop\materials\my projects\с++\захист даних (лабы)\l1\encryption\encryption\encryption.cpp(254): warning C4018: <: несоответствие типов со знаком и без знака
e:\desktop\materials\my projects\с++\захист даних (лабы)\l1\encryption\encryption\encryption.cpp(255): warning C4018: <: несоответствие типов со знаком и без знака
e:\desktop\materials\my projects\с++\захист даних (лабы)\l1\encryption\encryption\encryption.cpp(262): warning C4018: <: несоответствие типов со знаком и без знака
e:\desktop\materials\my projects\с++\захист даних (лабы)\l1\encryption\encryption\encryption.cpp(267): warning C4018: <: несоответствие типов со знаком и без знака
e:\desktop\materials\my projects\с++\захист даних (лабы)\l1\encryption\encryption\encryption.cpp(268): warning C4018: <: несоответствие типов со знаком и без знака
e:\desktop\materials\my projects\с++\захист даних (лабы)\l1\encryption\encryption\encryption.cpp(276): warning C4018: <: несоответствие типов со знаком и без знака
e:\desktop\materials\my projects\с++\захист даних (лабы)\l1\encryption\encryption\encryption.cpp(295): warning C4018: <: несоответствие типов со знаком и без знака
e:\desktop\materials\my projects\с++\захист даних (лабы)\l1\encryption\encryption\encryption.cpp(313): warning C4018: <: несоответствие типов со знаком и без знака
e:\desktop\materials\my projects\с++\захист даних (лабы)\l1\encryption\encryption\encryption.cpp(316): warning C4018: <: несоответствие типов со знаком и без знака
e:\desktop\materials\my projects\с++\захист даних (лабы)\l1\encryption\encryption\encryption.cpp(331): warning C4018: >=: несоответствие типов со знаком и без знака
e:\desktop\materials\my projects\с++\захист даних (лабы)\l1\encryption\encryption\encryption.cpp(335): warning C4018: >=: несоответствие типов со знаком и без знака
e:\desktop\materials\my projects\с++\захист даних (лабы)\l1\encryption\encryption\encryption.cpp(376): warning C4244: аргумент: преобразование "time_t" в "unsigned int", возможна потеря данных
e:\desktop\materials\my projects\с++\захист даних (лабы)\l1\encryption\encryption\encryption.cpp(377): warning C4018: <: несоответствие типов со знаком и без знака
e:\desktop\materials\my projects\с++\захист даних (лабы)\l1\encryption\encryption\encryption.cpp(411): warning C4018: <: несоответствие типов со знаком и без знака
e:\desktop\materials\my projects\с++\захист даних (лабы)\l1\encryption\encryption\encryption.cpp(461): warning C4018: <: несоответствие типов со знаком и без знака
e:\desktop\materials\my projects\с++\захист даних (лабы)\l1\encryption\encryption\encryption.cpp(478): warning C4018: <: несоответствие типов со знаком и без знака
e:\desktop\materials\my projects\с++\захист даних (лабы)\l1\encryption\encryption\encryption.cpp(486): warning C4018: <: несоответствие типов со знаком и без знака
e:\desktop\materials\my projects\с++\захист даних (лабы)\l1\encryption\encryption\encryption.cpp(500): warning C4018: <: несоответствие типов со знаком и без знака
e:\desktop\materials\my projects\с++\захист даних (лабы)\l1\encryption\encryption\encryption.cpp(540): warning C4018: <: несоответствие типов со знаком и без знака
e:\desktop\materials\my projects\с++\захист даних (лабы)\l1\encryption\encryption\encryption.cpp(548): warning C4018: <: несоответствие типов со знаком и без знака
e:\desktop\materials\my projects\с++\захист даних (лабы)\l1\encryption\encryption\encryption.cpp(552): warning C4018: <: несоответствие типов со знаком и без знака
e:\desktop\materials\my projects\с++\захист даних (лабы)\l1\encryption\encryption\encryption.cpp(560): warning C4018: <: несоответствие типов со знаком и без знака
e:\desktop\materials\my projects\с++\захист даних (лабы)\l1\encryption\encryption\encryption.cpp(586): warning C4018: <: несоответствие типов со знаком и без знака
e:\desktop\materials\my projects\с++\захист даних (лабы)\l1\encryption\encryption\encryption.cpp(587): warning C4018: <: несоответствие типов со знаком и без знака
e:\desktop\materials\my projects\с++\захист даних (лабы)\l1\encryption\encryption\encryption.cpp(594): warning C4018: <: несоответствие типов со знаком и без знака
e:\desktop\materials\my projects\с++\захист даних (лабы)\l1\encryption\encryption\encryption.cpp(599): warning C4018: <: несоответствие типов со знаком и без знака
e:\desktop\materials\my projects\с++\захист даних (лабы)\l1\encryption\encryption\encryption.cpp(600): warning C4018: <: несоответствие типов со знаком и без знака
e:\desktop\materials\my projects\с++\захист даних (лабы)\l1\encryption\encryption\encryption.cpp(607): warning C4018: <: несоответствие типов со знаком и без знака
e:\desktop\materials\my projects\с++\захист даних (лабы)\l1\encryption\encryption\encryption.cpp(633): warning C4244: аргумент: преобразование "time_t" в "unsigned int", возможна потеря данных
e:\desktop\materials\my projects\с++\захист даних (лабы)\l1\encryption\encryption\encryption.cpp(634): warning C4018: <: несоответствие типов со знаком и без знака
e:\desktop\materials\my projects\с++\захист даних (лабы)\l1\encryption\encryption\encryption.cpp(635): warning C4018: <: несоответствие типов со знаком и без знака
e:\desktop\materials\my projects\с++\захист даних (лабы)\l1\encryption\encryption\encryption.cpp(681): warning C4018: <: несоответствие типов со знаком и без знака
e:\desktop\materials\my projects\с++\захист даних (лабы)\l1\encryption\encryption\encryption.cpp(708): warning C4018: <: несоответствие типов со знаком и без знака
e:\desktop\materials\my projects\с++\захист даних (лабы)\l1\encryption\encryption\encryption.cpp(709): warning C4018: <: несоответствие типов со знаком и без знака
e:\desktop\materials\my projects\с++\захист даних (лабы)\l1\encryption\encryption\encryption.cpp(717): warning C4018: <: несоответствие типов со знаком и без знака
e:\desktop\materials\my projects\с++\захист даних (лабы)\l1\encryption\encryption\encryption.cpp(736): warning C4018: <: несоответствие типов со знаком и без знака
e:\desktop\materials\my projects\с++\захист даних (лабы)\l1\encryption\encryption\encryption.cpp(740): warning C4018: <: несоответствие типов со знаком и без знака
e:\desktop\materials\my projects\с++\захист даних (лабы)\l1\encryption\encryption\encryption.cpp(752): warning C4018: <: несоответствие типов со знаком и без знака
e:\desktop\materials\my projects\с++\захист даних (лабы)\l1\encryption\encryption\encryption.cpp(781): warning C4018: <: несоответствие типов со знаком и без знака
e:\desktop\materials\my projects\с++\захист даних (лабы)\l1\encryption\encryption\encryption.cpp(784): warning C4244: аргумент: преобразование "time_t" в "unsigned int", возможна потеря данных
e:\desktop\materials\my projects\с++\захист даних (лабы)\l1\encryption\encryption\encryption.cpp(789): warning C4018: <: несоответствие типов со знаком и без знака
e:\desktop\materials\my projects\с++\захист даних (лабы)\l1\encryption\encryption\encryption.cpp(795): warning C4018: <: несоответствие типов со знаком и без знака
e:\desktop\materials\my projects\с++\захист даних (лабы)\l1\encryption\encryption\encryption.cpp(804): warning C4018: <: несоответствие типов со знаком и без знака
e:\desktop\materials\my projects\с++\захист даних (лабы)\l1\encryption\encryption\encryption.cpp(805): warning C4018: <: несоответствие типов со знаком и без знака
e:\desktop\materials\my projects\с++\захист даних (лабы)\l1\encryption\encryption\encryption.cpp(821): warning C4018: <: несоответствие типов со знаком и без знака
e:\desktop\materials\my projects\с++\захист даних (лабы)\l1\encryption\encryption\encryption.cpp(827): warning C4244: аргумент: преобразование "time_t" в "unsigned int", возможна потеря данных
e:\desktop\materials\my projects\с++\захист даних (лабы)\l1\encryption\encryption\encryption.cpp(877): warning C4018: <: несоответствие типов со знаком и без знака
e:\desktop\materials\my projects\с++\захист даних (лабы)\l1\encryption\encryption\encryption.cpp(972): warning C4018: <=: несоответствие типов со знаком и без знака
e:\desktop\materials\my projects\с++\захист даних (лабы)\l1\encryption\encryption\encryption.cpp(973): warning C4018: <: несоответствие типов со знаком и без знака
e:\desktop\materials\my projects\с++\захист даних (лабы)\l1\encryption\encryption\encryption.cpp(979): warning C4018: <: несоответствие типов со знаком и без знака
e:\desktop\materials\my projects\с++\захист даних (лабы)\l1\encryption\encryption\encryption.cpp(986): warning C4018: <: несоответствие типов со знаком и без знака
e:\desktop\materials\my projects\с++\захист даних (лабы)\l1\encryption\encryption\encryption.cpp(987): warning C4018: <: несоответствие типов со знаком и без знака
e:\desktop\materials\my projects\с++\захист даних (лабы)\l1\encryption\encryption\encryption.cpp(994): warning C4018: <: несоответствие типов со знаком и без знака
e:\desktop\materials\my projects\с++\захист даних (лабы)\l1\encryption\encryption\encryption.cpp(1000): warning C4018: <: несоответствие типов со знаком и без знака
e:\desktop\materials\my projects\с++\захист даних (лабы)\l1\encryption\encryption\encryption.cpp(1005): warning C4018: <: несоответствие типов со знаком и без знака
e:\desktop\materials\my projects\с++\захист даних (лабы)\l1\encryption\encryption\encryption.cpp(1011): warning C4018: <: несоответствие типов со знаком и без знака
e:\desktop\materials\my projects\с++\захист даних (лабы)\l1\encryption\encryption\encryption.cpp(1013): warning C4018: <: несоответствие типов со знаком и без знака
e:\desktop\materials\my projects\с++\захист даних (лабы)\l1\encryption\encryption\encryption.cpp(1024): warning C4018: <: несоответствие типов со знаком и без знака
e:\desktop\materials\my projects\с++\захист даних (лабы)\l1\encryption\encryption\encryption.cpp(1025): warning C4018: <: несоответствие типов со знаком и без знака
e:\desktop\materials\my projects\с++\захист даних (лабы)\l1\encryption\encryption\encryption.cpp(1027): warning C4018: <: несоответствие типов со знаком и без знака
e:\desktop\materials\my projects\с++\захист даних (лабы)\l1\encryption\encryption\encryption.cpp(1042): warning C4018: <: несоответствие типов со знаком и без знака
e:\desktop\materials\my projects\с++\захист даних (лабы)\l1\encryption\encryption\encryption.cpp(1049): warning C4018: <: несоответствие типов со знаком и без знака
e:\desktop\materials\my projects\с++\захист даних (лабы)\l1\encryption\encryption\encryption.cpp(1050): warning C4018: <: несоответствие типов со знаком и без знака
e:\desktop\materials\my projects\с++\захист даних (лабы)\l1\encryption\encryption\encryption.cpp(1095): warning C4018: <: несоответствие типов со знаком и без знака
e:\desktop\materials\my projects\с++\захист даних (лабы)\l1\encryption\encryption\encryption.cpp(1098): warning C4018: <: несоответствие типов со знаком и без знака
e:\desktop\materials\my projects\с++\захист даних (лабы)\l1\encryption\encryption\encryption.cpp(1142): warning C4018: <: несоответствие типов со знаком и без знака
e:\desktop\materials\my projects\с++\захист даних (лабы)\l1\encryption\encryption\encryption.cpp(1147): warning C4018: <: несоответствие типов со знаком и без знака
e:\desktop\materials\my projects\с++\захист даних (лабы)\l1\encryption\encryption\encryption.cpp(1179): warning C4018: <: несоответствие типов со знаком и без знака
e:\desktop\materials\my projects\с++\захист даних (лабы)\l1\encryption\encryption\encryption.cpp(1182): warning C4018: <: несоответствие типов со знаком и без знака
e:\desktop\materials\my projects\с++\захист даних (лабы)\l1\encryption\encryption\encryption.cpp(1183): warning C4018: <: несоответствие типов со знаком и без знака
e:\desktop\materials\my projects\с++\захист даних (лабы)\l1\encryption\encryption\encryption.cpp(1188): warning C4244: аргумент: преобразование "time_t" в "unsigned int", возможна потеря данных
e:\desktop\materials\my projects\с++\захист даних (лабы)\l1\encryption\encryption\encryption.cpp(1271): warning C4018: <: несоответствие типов со знаком и без знака
e:\desktop\materials\my projects\с++\захист даних (лабы)\l1\encryption\encryption\encryption.cpp(1276): warning C4018: <: несоответствие типов со знаком и без знака
e:\desktop\materials\my projects\с++\захист даних (лабы)\l1\encryption\encryption\encryption.cpp(1277): warning C4018: >=: несоответствие типов со знаком и без знака
e:\desktop\materials\my projects\с++\захист даних (лабы)\l1\encryption\encryption\encryption.cpp(1300): warning C4018: <: несоответствие типов со знаком и без знака
e:\desktop\materials\my projects\с++\захист даних (лабы)\l1\encryption\encryption\encryption.cpp(1307): warning C4018: <: несоответствие типов со знаком и без знака
e:\desktop\materials\my projects\с++\захист даних (лабы)\l1\encryption\encryption\encryption.cpp(1311): warning C4018: <: несоответствие типов со знаком и без знака
e:\desktop\materials\my projects\с++\захист даних (лабы)\l1\encryption\encryption\encryption.cpp(1316): warning C4018: <: несоответствие типов со знаком и без знака
e:\desktop\materials\my projects\с++\захист даних (лабы)\l1\encryption\encryption\encryption.cpp(1322): warning C4018: <: несоответствие типов со знаком и без знака
e:\desktop\materials\my projects\с++\захист даних (лабы)\l1\encryption\encryption\encryption.cpp(1336): warning C4018: <: несоответствие типов со знаком и без знака
e:\desktop\materials\my projects\с++\захист даних (лабы)\l1\encryption\encryption\encryption.cpp(1341): warning C4018: <: несоответствие типов со знаком и без знака
e:\desktop\materials\my projects\с++\захист даних (лабы)\l1\encryption\encryption\encryption.cpp(1347): warning C4018: <: несоответствие типов со знаком и без знака
e:\desktop\materials\my projects\с++\захист даних (лабы)\l1\encryption\encryption\encryption.cpp(1361): warning C4018: <: несоответствие типов со знаком и без знака
e:\desktop\materials\my projects\с++\захист даних (лабы)\l1\encryption\encryption\encryption.cpp(1369): warning C4018: <: несоответствие типов со знаком и без знака
e:\desktop\materials\my projects\с++\захист даних (лабы)\l1\encryption\encryption\encryption.cpp(1398): warning C4018: <: несоответствие типов со знаком и без знака
e:\desktop\materials\my projects\с++\захист даних (лабы)\l1\encryption\encryption\encryption.cpp(1409): warning C4018: <: несоответствие типов со знаком и без знака
e:\desktop\materials\my projects\с++\захист даних (лабы)\l1\encryption\encryption\encryption.cpp(1413): warning C4018: <: несоответствие типов со знаком и без знака
e:\desktop\materials\my projects\с++\захист даних (лабы)\l1\encryption\encryption\encryption.cpp(1418): warning C4018: <: несоответствие типов со знаком и без знака
e:\desktop\materials\my projects\с++\захист даних (лабы)\l1\encryption\encryption\encryption.cpp(1424): warning C4018: <: несоответствие типов со знаком и без знака
e:\desktop\materials\my projects\с++\захист даних (лабы)\l1\encryption\encryption\encryption.cpp(1429): warning C4018: <: несоответствие типов со знаком и без знака
e:\desktop\materials\my projects\с++\захист даних (лабы)\l1\encryption\encryption\encryption.cpp(1435): warning C4018: <: несоответствие типов со знаком и без знака
e:\desktop\materials\my projects\с++\захист даних (лабы)\l1\encryption\encryption\encryption.cpp(1440): warning C4018: <: несоответствие типов со знаком и без знака
e:\desktop\materials\my projects\с++\захист даних (лабы)\l1\encryption\encryption\encryption.cpp(1461): warning C4018: <: несоответствие типов со знаком и без знака
e:\desktop\materials\my projects\с++\захист даних (лабы)\l1\encryption\encryption\encryption.cpp(1462): warning C4018: <: несоответствие типов со знаком и без знака
e:\desktop\materials\my projects\с++\захист даних (лабы)\l1\encryption\encryption\encryption.cpp(1473): warning C4244: аргумент: преобразование "time_t" в "unsigned int", возможна потеря данных
e:\desktop\materials\my projects\с++\захист даних (лабы)\l1\encryption\encryption\encryption.cpp(1478): warning C4018: <: несоответствие типов со знаком и без знака
e:\desktop\materials\my projects\с++\захист даних (лабы)\l1\encryption\encryption\encryption.cpp(1479): warning C4018: <: несоответствие типов со знаком и без знака
e:\desktop\materials\my projects\с++\захист даних (лабы)\l1\encryption\encryption\encryption.cpp(1492): warning C4018: <: несоответствие типов со знаком и без знака
e:\desktop\materials\my projects\с++\захист даних (лабы)\l1\encryption\encryption\encryption.cpp(1502): warning C4018: <: несоответствие типов со знаком и без знака
e:\desktop\materials\my projects\с++\захист даних (лабы)\l1\encryption\encryption\encryption.cpp(1517): warning C4018: <=: несоответствие типов со знаком и без знака
e:\desktop\materials\my projects\с++\захист даних (лабы)\l1\encryption\encryption\encryption.cpp(1518): warning C4018: <: несоответствие типов со знаком и без знака
e:\desktop\materials\my projects\с++\захист даних (лабы)\l1\encryption\encryption\encryption.cpp(1524): warning C4018: <: несоответствие типов со знаком и без знака
e:\desktop\materials\my projects\с++\захист даних (лабы)\l1\encryption\encryption\encryption.cpp(1526): warning C4018: <: несоответствие типов со знаком и без знака
e:\desktop\materials\my projects\с++\захист даних (лабы)\l1\encryption\encryption\encryption.cpp(1528): warning C4018: <: несоответствие типов со знаком и без знака
e:\desktop\materials\my projects\с++\захист даних (лабы)\l1\encryption\encryption\encryption.cpp(1534): warning C4018: <: несоответствие типов со знаком и без знака
e:\desktop\materials\my projects\с++\захист даних (лабы)\l1\encryption\encryption\encryption.cpp(1535): warning C4018: <: несоответствие типов со знаком и без знака
e:\desktop\materials\my projects\с++\захист даних (лабы)\l1\encryption\encryption\encryption.cpp(1544): warning C4018: <: несоответствие типов со знаком и без знака
e:\desktop\materials\my projects\с++\захист даних (лабы)\l1\encryption\encryption\encryption.cpp(1546): warning C4018: <: несоответствие типов со знаком и без знака
e:\desktop\materials\my projects\с++\захист даних (лабы)\l1\encryption\encryption\encryption.cpp(1547): warning C4018: <: несоответствие типов со знаком и без знака
e:\desktop\materials\my projects\с++\захист даних (лабы)\l1\encryption\encryption\encryption.cpp(1555): warning C4018: <: несоответствие типов со знаком и без знака
  Encryption.vcxproj -> E:\Desktop\Materials\My projects\С++\Захист даних (лабы)\L1\Encryption\Debug\Encryption.exe
  Encryption.vcxproj -> E:\Desktop\Materials\My projects\С++\Захист даних (лабы)\L1\Encryption\Debug\Encryption.pdb (Partial PDB)
